<?xml version="1.0" encoding="UTF-8"?>
<testsuite xmlns:xsi="http://www.w3.org/2001/XMLSchema-instance" xsi:noNamespaceSchemaLocation="https://maven.apache.org/surefire/maven-surefire-plugin/xsd/surefire-test-report.xsd" name="com.paypal.bfs.test.employeeserv.func.EmployeeResourceImplTest" time="0.081" tests="1" errors="1" skipped="0" failures="0">
  <properties>
[...]
</properties>
  <testcase name="initializationError" classname="com.paypal.bfs.test.employeeserv.func.EmployeeResourceImplTest" time="0.006">
    <error message="com/paypal/bfs/test/employeeserv/model/Address" type="java.lang.NoClassDefFoundError">java.lang.NoClassDefFoundError: com/paypal/bfs/test/employeeserv/model/Address
Caused by: java.lang.ClassNotFoundException: com.paypal.bfs.test.employeeserv.model.Address
</error>
  </testcase>
</testsuite>