<?xml version="1.0" encoding="UTF-8"?>
<testsuite xmlns:xsi="http://www.w3.org/2001/XMLSchema-instance" xsi:noNamespaceSchemaLocation="https://maven.apache.org/surefire/maven-surefire-plugin/xsd/surefire-test-report.xsd" name="com.paypal.bfs.test.employeeserv.test.EmployeeResourceImplTest" time="3.545" tests="3" errors="0" skipped="0" failures="0">
  <properties>
[...]
</properties>
  <testcase name="testemployeeGetById2xx" classname="com.paypal.bfs.test.employeeserv.test.EmployeeResourceImplTest" time="0.024"/>
  <testcase name="testemployeeGetById4xx" classname="com.paypal.bfs.test.employeeserv.test.EmployeeResourceImplTest" time="0.001"/>
  <testcase name="testaddEmployee2xx" classname="com.paypal.bfs.test.employeeserv.test.EmployeeResourceImplTest" time="0.002"/>
</testsuite>